0 info it worked if it ends with ok
1 verbose cli [ 'C:\\Program Files\\nodejs\\node.exe',
1 verbose cli   'C:\\Program Files\\nodejs\\node_modules\\npm\\bin\\npm-cli.js',
1 verbose cli   'install',
1 verbose cli   'pg-native',
1 verbose cli   '--save' ]
2 info using npm@3.10.8
3 info using node@v6.9.1
4 silly loadCurrentTree Starting
5 silly install loadCurrentTree
6 silly install readLocalPackageData
7 silly fetchPackageMetaData pg-native@^1.10.0
8 silly fetchNamedPackageData pg-native
9 silly mapToRegistry name pg-native
10 silly mapToRegistry using default registry
11 silly mapToRegistry registry https://registry.npmjs.org/
12 silly mapToRegistry data Result {
12 silly mapToRegistry   raw: 'pg-native',
12 silly mapToRegistry   scope: null,
12 silly mapToRegistry   escapedName: 'pg-native',
12 silly mapToRegistry   name: 'pg-native',
12 silly mapToRegistry   rawSpec: '',
12 silly mapToRegistry   spec: 'latest',
12 silly mapToRegistry   type: 'tag' }
13 silly mapToRegistry uri https://registry.npmjs.org/pg-native
14 verbose request uri https://registry.npmjs.org/pg-native
15 verbose request no auth needed
16 info attempt registry request try #1 at 4:00:12 PM
17 verbose request id 974f6741c18d7254
18 verbose etag W/"5679a1d6-a891"
19 verbose lastModified Tue, 22 Dec 2015 19:17:42 GMT
20 http request GET https://registry.npmjs.org/pg-native
21 http 304 https://registry.npmjs.org/pg-native
22 verbose headers { date: 'Tue, 15 Nov 2016 21:00:13 GMT',
22 verbose headers   via: '1.1 varnish',
22 verbose headers   'cache-control': 'max-age=300',
22 verbose headers   etag: 'W/"5679a1d6-a891"',
22 verbose headers   age: '146',
22 verbose headers   connection: 'keep-alive',
22 verbose headers   'x-served-by': 'cache-iad2136-IAD',
22 verbose headers   'x-cache': 'HIT',
22 verbose headers   'x-cache-hits': '2',
22 verbose headers   'x-timer': 'S1479243613.149104,VS0,VE0',
22 verbose headers   vary: 'Accept-Encoding' }
23 silly get cb [ 304,
23 silly get   { date: 'Tue, 15 Nov 2016 21:00:13 GMT',
23 silly get     via: '1.1 varnish',
23 silly get     'cache-control': 'max-age=300',
23 silly get     etag: 'W/"5679a1d6-a891"',
23 silly get     age: '146',
23 silly get     connection: 'keep-alive',
23 silly get     'x-served-by': 'cache-iad2136-IAD',
23 silly get     'x-cache': 'HIT',
23 silly get     'x-cache-hits': '2',
23 silly get     'x-timer': 'S1479243613.149104,VS0,VE0',
23 silly get     vary: 'Accept-Encoding' } ]
24 verbose etag https://registry.npmjs.org/pg-native from cache
25 verbose get saving pg-native to C:\Users\Mario\AppData\Roaming\npm-cache\registry.npmjs.org\pg-native\.cache.json
26 verbose correctMkdir C:\Users\Mario\AppData\Roaming\npm-cache correctMkdir not in flight; initializing
27 silly install normalizeTree
28 silly loadCurrentTree Finishing
29 silly loadIdealTree Starting
30 silly install loadIdealTree
31 silly cloneCurrentTree Starting
32 silly install cloneCurrentTreeToIdealTree
33 silly cloneCurrentTree Finishing
34 silly loadShrinkwrap Starting
35 silly install loadShrinkwrap
36 silly loadShrinkwrap Finishing
37 silly loadAllDepsIntoIdealTree Starting
38 silly install loadAllDepsIntoIdealTree
39 silly resolveWithNewModule pg-native@1.10.0 checking installable status
40 silly cache add args [ 'pg-native@^1.10.0', null ]
41 verbose cache add spec pg-native@^1.10.0
42 silly cache add parsed spec Result {
42 silly cache add   raw: 'pg-native@^1.10.0',
42 silly cache add   scope: null,
42 silly cache add   escapedName: 'pg-native',
42 silly cache add   name: 'pg-native',
42 silly cache add   rawSpec: '^1.10.0',
42 silly cache add   spec: '>=1.10.0 <2.0.0',
42 silly cache add   type: 'range' }
43 silly addNamed pg-native@>=1.10.0 <2.0.0
44 verbose addNamed ">=1.10.0 <2.0.0" is a valid semver range for pg-native
45 silly addNameRange { name: 'pg-native', range: '>=1.10.0 <2.0.0', hasData: false }
46 silly mapToRegistry name pg-native
47 silly mapToRegistry using default registry
48 silly mapToRegistry registry https://registry.npmjs.org/
49 silly mapToRegistry data Result {
49 silly mapToRegistry   raw: 'pg-native',
49 silly mapToRegistry   scope: null,
49 silly mapToRegistry   escapedName: 'pg-native',
49 silly mapToRegistry   name: 'pg-native',
49 silly mapToRegistry   rawSpec: '',
49 silly mapToRegistry   spec: 'latest',
49 silly mapToRegistry   type: 'tag' }
50 silly mapToRegistry uri https://registry.npmjs.org/pg-native
51 verbose addNameRange registry:https://registry.npmjs.org/pg-native not in flight; fetching
52 verbose get https://registry.npmjs.org/pg-native not expired, no request
53 silly addNameRange number 2 { name: 'pg-native', range: '>=1.10.0 <2.0.0', hasData: true }
54 silly addNameRange versions [ 'pg-native',
54 silly addNameRange   [ '0.0.1',
54 silly addNameRange     '0.0.2',
54 silly addNameRange     '0.1.0',
54 silly addNameRange     '0.2.0',
54 silly addNameRange     '0.3.0',
54 silly addNameRange     '0.4.0',
54 silly addNameRange     '0.4.1',
54 silly addNameRange     '0.5.0',
54 silly addNameRange     '0.5.1',
54 silly addNameRange     '0.5.2',
54 silly addNameRange     '1.0.0',
54 silly addNameRange     '1.0.1',
54 silly addNameRange     '1.0.2',
54 silly addNameRange     '1.0.3',
54 silly addNameRange     '1.1.0',
54 silly addNameRange     '1.2.0',
54 silly addNameRange     '1.3.0',
54 silly addNameRange     '1.4.0',
54 silly addNameRange     '1.4.1',
54 silly addNameRange     '1.4.2',
54 silly addNameRange     '1.4.3',
54 silly addNameRange     '1.5.0',
54 silly addNameRange     '1.7.2',
54 silly addNameRange     '1.7.3',
54 silly addNameRange     '1.8.0',
54 silly addNameRange     '1.8.1',
54 silly addNameRange     '1.9.0',
54 silly addNameRange     '1.10.0' ] ]
55 silly addNamed pg-native@1.10.0
56 verbose addNamed "1.10.0" is a plain semver version for pg-native
57 silly cache afterAdd pg-native@1.10.0
58 verbose afterAdd C:\Users\Mario\AppData\Roaming\npm-cache\pg-native\1.10.0\package\package.json not in flight; writing
59 verbose correctMkdir C:\Users\Mario\AppData\Roaming\npm-cache correctMkdir not in flight; initializing
60 verbose afterAdd C:\Users\Mario\AppData\Roaming\npm-cache\pg-native\1.10.0\package\package.json written
61 silly fetchNamedPackageData libpq
62 silly mapToRegistry name libpq
63 silly mapToRegistry using default registry
64 silly mapToRegistry registry https://registry.npmjs.org/
65 silly mapToRegistry data Result {
65 silly mapToRegistry   raw: 'libpq',
65 silly mapToRegistry   scope: null,
65 silly mapToRegistry   escapedName: 'libpq',
65 silly mapToRegistry   name: 'libpq',
65 silly mapToRegistry   rawSpec: '',
65 silly mapToRegistry   spec: 'latest',
65 silly mapToRegistry   type: 'tag' }
66 silly mapToRegistry uri https://registry.npmjs.org/libpq
67 silly fetchNamedPackageData pg-types
68 silly mapToRegistry name pg-types
69 silly mapToRegistry using default registry
70 silly mapToRegistry registry https://registry.npmjs.org/
71 silly mapToRegistry data Result {
71 silly mapToRegistry   raw: 'pg-types',
71 silly mapToRegistry   scope: null,
71 silly mapToRegistry   escapedName: 'pg-types',
71 silly mapToRegistry   name: 'pg-types',
71 silly mapToRegistry   rawSpec: '',
71 silly mapToRegistry   spec: 'latest',
71 silly mapToRegistry   type: 'tag' }
72 silly mapToRegistry uri https://registry.npmjs.org/pg-types
73 verbose request uri https://registry.npmjs.org/libpq
74 verbose request no auth needed
75 info attempt registry request try #1 at 4:00:12 PM
76 verbose etag W/"57a20e1d-e371"
77 verbose lastModified Wed, 03 Aug 2016 15:30:37 GMT
78 http request GET https://registry.npmjs.org/libpq
79 verbose request uri https://registry.npmjs.org/pg-types
80 verbose request no auth needed
81 info attempt registry request try #1 at 4:00:12 PM
82 verbose etag W/"571a65ca-4149"
83 verbose lastModified Fri, 22 Apr 2016 17:56:26 GMT
84 http request GET https://registry.npmjs.org/pg-types
85 http 304 https://registry.npmjs.org/libpq
86 verbose headers { date: 'Tue, 15 Nov 2016 21:00:13 GMT',
86 verbose headers   via: '1.1 varnish',
86 verbose headers   'cache-control': 'max-age=300',
86 verbose headers   etag: 'W/"57a20e1d-e371"',
86 verbose headers   age: '111',
86 verbose headers   connection: 'keep-alive',
86 verbose headers   'x-served-by': 'cache-iad2136-IAD',
86 verbose headers   'x-cache': 'HIT',
86 verbose headers   'x-cache-hits': '1',
86 verbose headers   'x-timer': 'S1479243613.368867,VS0,VE0',
86 verbose headers   vary: 'Accept-Encoding' }
87 silly get cb [ 304,
87 silly get   { date: 'Tue, 15 Nov 2016 21:00:13 GMT',
87 silly get     via: '1.1 varnish',
87 silly get     'cache-control': 'max-age=300',
87 silly get     etag: 'W/"57a20e1d-e371"',
87 silly get     age: '111',
87 silly get     connection: 'keep-alive',
87 silly get     'x-served-by': 'cache-iad2136-IAD',
87 silly get     'x-cache': 'HIT',
87 silly get     'x-cache-hits': '1',
87 silly get     'x-timer': 'S1479243613.368867,VS0,VE0',
87 silly get     vary: 'Accept-Encoding' } ]
88 verbose etag https://registry.npmjs.org/libpq from cache
89 verbose get saving libpq to C:\Users\Mario\AppData\Roaming\npm-cache\registry.npmjs.org\libpq\.cache.json
90 verbose correctMkdir C:\Users\Mario\AppData\Roaming\npm-cache correctMkdir not in flight; initializing
91 silly resolveWithNewModule libpq@1.8.5 checking installable status
92 silly cache add args [ 'libpq@^1.7.0', null ]
93 verbose cache add spec libpq@^1.7.0
94 silly cache add parsed spec Result {
94 silly cache add   raw: 'libpq@^1.7.0',
94 silly cache add   scope: null,
94 silly cache add   escapedName: 'libpq',
94 silly cache add   name: 'libpq',
94 silly cache add   rawSpec: '^1.7.0',
94 silly cache add   spec: '>=1.7.0 <2.0.0',
94 silly cache add   type: 'range' }
95 silly addNamed libpq@>=1.7.0 <2.0.0
96 verbose addNamed ">=1.7.0 <2.0.0" is a valid semver range for libpq
97 silly addNameRange { name: 'libpq', range: '>=1.7.0 <2.0.0', hasData: false }
98 silly mapToRegistry name libpq
99 silly mapToRegistry using default registry
100 silly mapToRegistry registry https://registry.npmjs.org/
101 silly mapToRegistry data Result {
101 silly mapToRegistry   raw: 'libpq',
101 silly mapToRegistry   scope: null,
101 silly mapToRegistry   escapedName: 'libpq',
101 silly mapToRegistry   name: 'libpq',
101 silly mapToRegistry   rawSpec: '',
101 silly mapToRegistry   spec: 'latest',
101 silly mapToRegistry   type: 'tag' }
102 silly mapToRegistry uri https://registry.npmjs.org/libpq
103 verbose addNameRange registry:https://registry.npmjs.org/libpq not in flight; fetching
104 verbose get https://registry.npmjs.org/libpq not expired, no request
105 silly addNameRange number 2 { name: 'libpq', range: '>=1.7.0 <2.0.0', hasData: true }
106 silly addNameRange versions [ 'libpq',
106 silly addNameRange   [ '0.2.0',
106 silly addNameRange     '0.2.1',
106 silly addNameRange     '0.2.2',
106 silly addNameRange     '0.2.3',
106 silly addNameRange     '0.2.4',
106 silly addNameRange     '0.2.5',
106 silly addNameRange     '0.3.0',
106 silly addNameRange     '0.4.0',
106 silly addNameRange     '0.4.1',
106 silly addNameRange     '0.5.0',
106 silly addNameRange     '0.5.1',
106 silly addNameRange     '0.5.2',
106 silly addNameRange     '0.5.3',
106 silly addNameRange     '1.0.0',
106 silly addNameRange     '1.0.1',
106 silly addNameRange     '1.1.0',
106 silly addNameRange     '1.2.0',
106 silly addNameRange     '1.2.1',
106 silly addNameRange     '1.3.0',
106 silly addNameRange     '1.3.1',
106 silly addNameRange     '1.4.0',
106 silly addNameRange     '1.4.1',
106 silly addNameRange     '1.4.2',
106 silly addNameRange     '1.5.1',
106 silly addNameRange     '1.6.0',
106 silly addNameRange     '1.6.1',
106 silly addNameRange     '1.6.2',
106 silly addNameRange     '1.6.3',
106 silly addNameRange     '1.6.4',
106 silly addNameRange     '1.7.0',
106 silly addNameRange     '1.8.0',
106 silly addNameRange     '1.8.1',
106 silly addNameRange     '1.8.2',
106 silly addNameRange     '1.8.3',
106 silly addNameRange     '1.8.4',
106 silly addNameRange     '1.8.5' ] ]
107 silly addNamed libpq@1.8.5
108 verbose addNamed "1.8.5" is a plain semver version for libpq
109 silly cache afterAdd libpq@1.8.5
110 verbose afterAdd C:\Users\Mario\AppData\Roaming\npm-cache\libpq\1.8.5\package\package.json not in flight; writing
111 verbose correctMkdir C:\Users\Mario\AppData\Roaming\npm-cache correctMkdir not in flight; initializing
112 verbose afterAdd C:\Users\Mario\AppData\Roaming\npm-cache\libpq\1.8.5\package\package.json written
113 http 304 https://registry.npmjs.org/pg-types
114 verbose headers { date: 'Tue, 15 Nov 2016 21:00:13 GMT',
114 verbose headers   via: '1.1 varnish',
114 verbose headers   'cache-control': 'max-age=300',
114 verbose headers   etag: 'W/"571a65ca-4149"',
114 verbose headers   age: '263',
114 verbose headers   connection: 'keep-alive',
114 verbose headers   'x-served-by': 'cache-iad2632-IAD',
114 verbose headers   'x-cache': 'HIT',
114 verbose headers   'x-cache-hits': '5',
114 verbose headers   'x-timer': 'S1479243613.406575,VS0,VE0',
114 verbose headers   vary: 'Accept-Encoding' }
115 silly get cb [ 304,
115 silly get   { date: 'Tue, 15 Nov 2016 21:00:13 GMT',
115 silly get     via: '1.1 varnish',
115 silly get     'cache-control': 'max-age=300',
115 silly get     etag: 'W/"571a65ca-4149"',
115 silly get     age: '263',
115 silly get     connection: 'keep-alive',
115 silly get     'x-served-by': 'cache-iad2632-IAD',
115 silly get     'x-cache': 'HIT',
115 silly get     'x-cache-hits': '5',
115 silly get     'x-timer': 'S1479243613.406575,VS0,VE0',
115 silly get     vary: 'Accept-Encoding' } ]
116 verbose etag https://registry.npmjs.org/pg-types from cache
117 verbose get saving pg-types to C:\Users\Mario\AppData\Roaming\npm-cache\registry.npmjs.org\pg-types\.cache.json
118 verbose correctMkdir C:\Users\Mario\AppData\Roaming\npm-cache correctMkdir not in flight; initializing
119 silly resolveWithNewModule pg-types@1.6.0 checking installable status
120 silly cache add args [ 'pg-types@1.6.0', null ]
121 verbose cache add spec pg-types@1.6.0
122 silly cache add parsed spec Result {
122 silly cache add   raw: 'pg-types@1.6.0',
122 silly cache add   scope: null,
122 silly cache add   escapedName: 'pg-types',
122 silly cache add   name: 'pg-types',
122 silly cache add   rawSpec: '1.6.0',
122 silly cache add   spec: '1.6.0',
122 silly cache add   type: 'version' }
123 silly addNamed pg-types@1.6.0
124 verbose addNamed "1.6.0" is a plain semver version for pg-types
125 silly mapToRegistry name pg-types
126 silly mapToRegistry using default registry
127 silly mapToRegistry registry https://registry.npmjs.org/
128 silly mapToRegistry data Result {
128 silly mapToRegistry   raw: 'pg-types',
128 silly mapToRegistry   scope: null,
128 silly mapToRegistry   escapedName: 'pg-types',
128 silly mapToRegistry   name: 'pg-types',
128 silly mapToRegistry   rawSpec: '',
128 silly mapToRegistry   spec: 'latest',
128 silly mapToRegistry   type: 'tag' }
129 silly mapToRegistry uri https://registry.npmjs.org/pg-types
130 verbose addNameVersion registry:https://registry.npmjs.org/pg-types not in flight; fetching
131 verbose get https://registry.npmjs.org/pg-types not expired, no request
132 silly cache afterAdd pg-types@1.6.0
133 verbose afterAdd C:\Users\Mario\AppData\Roaming\npm-cache\pg-types\1.6.0\package\package.json not in flight; writing
134 verbose correctMkdir C:\Users\Mario\AppData\Roaming\npm-cache correctMkdir not in flight; initializing
135 verbose afterAdd C:\Users\Mario\AppData\Roaming\npm-cache\pg-types\1.6.0\package\package.json written
136 silly fetchNamedPackageData nan
137 silly mapToRegistry name nan
138 silly mapToRegistry using default registry
139 silly mapToRegistry registry https://registry.npmjs.org/
140 silly mapToRegistry data Result {
140 silly mapToRegistry   raw: 'nan',
140 silly mapToRegistry   scope: null,
140 silly mapToRegistry   escapedName: 'nan',
140 silly mapToRegistry   name: 'nan',
140 silly mapToRegistry   rawSpec: '',
140 silly mapToRegistry   spec: 'latest',
140 silly mapToRegistry   type: 'tag' }
141 silly mapToRegistry uri https://registry.npmjs.org/nan
142 silly fetchNamedPackageData bindings
143 silly mapToRegistry name bindings
144 silly mapToRegistry using default registry
145 silly mapToRegistry registry https://registry.npmjs.org/
146 silly mapToRegistry data Result {
146 silly mapToRegistry   raw: 'bindings',
146 silly mapToRegistry   scope: null,
146 silly mapToRegistry   escapedName: 'bindings',
146 silly mapToRegistry   name: 'bindings',
146 silly mapToRegistry   rawSpec: '',
146 silly mapToRegistry   spec: 'latest',
146 silly mapToRegistry   type: 'tag' }
147 silly mapToRegistry uri https://registry.npmjs.org/bindings
148 verbose request uri https://registry.npmjs.org/nan
149 verbose request no auth needed
150 info attempt registry request try #1 at 4:00:13 PM
151 verbose etag W/"5818d749-1ce1e"
152 verbose lastModified Tue, 01 Nov 2016 17:56:25 GMT
153 http request GET https://registry.npmjs.org/nan
154 verbose request uri https://registry.npmjs.org/bindings
155 verbose request no auth needed
156 info attempt registry request try #1 at 4:00:13 PM
157 verbose etag W/"580645d3-46f7"
158 verbose lastModified Tue, 18 Oct 2016 15:54:59 GMT
159 http request GET https://registry.npmjs.org/bindings
160 http 304 https://registry.npmjs.org/nan
161 verbose headers { date: 'Tue, 15 Nov 2016 21:00:13 GMT',
161 verbose headers   via: '1.1 varnish',
161 verbose headers   'cache-control': 'max-age=300',
161 verbose headers   etag: 'W/"5818d749-1ce1e"',
161 verbose headers   age: '50',
161 verbose headers   connection: 'keep-alive',
161 verbose headers   'x-served-by': 'cache-iad2136-IAD',
161 verbose headers   'x-cache': 'HIT',
161 verbose headers   'x-cache-hits': '2',
161 verbose headers   'x-timer': 'S1479243613.496595,VS0,VE0',
161 verbose headers   vary: 'Accept-Encoding' }
162 silly get cb [ 304,
162 silly get   { date: 'Tue, 15 Nov 2016 21:00:13 GMT',
162 silly get     via: '1.1 varnish',
162 silly get     'cache-control': 'max-age=300',
162 silly get     etag: 'W/"5818d749-1ce1e"',
162 silly get     age: '50',
162 silly get     connection: 'keep-alive',
162 silly get     'x-served-by': 'cache-iad2136-IAD',
162 silly get     'x-cache': 'HIT',
162 silly get     'x-cache-hits': '2',
162 silly get     'x-timer': 'S1479243613.496595,VS0,VE0',
162 silly get     vary: 'Accept-Encoding' } ]
163 verbose etag https://registry.npmjs.org/nan from cache
164 verbose get saving nan to C:\Users\Mario\AppData\Roaming\npm-cache\registry.npmjs.org\nan\.cache.json
165 verbose correctMkdir C:\Users\Mario\AppData\Roaming\npm-cache correctMkdir not in flight; initializing
166 http 304 https://registry.npmjs.org/bindings
167 verbose headers { date: 'Tue, 15 Nov 2016 21:00:13 GMT',
167 verbose headers   via: '1.1 varnish',
167 verbose headers   'cache-control': 'max-age=300',
167 verbose headers   etag: 'W/"580645d3-46f7"',
167 verbose headers   age: '219',
167 verbose headers   connection: 'keep-alive',
167 verbose headers   'x-served-by': 'cache-iad2632-IAD',
167 verbose headers   'x-cache': 'HIT',
167 verbose headers   'x-cache-hits': '9',
167 verbose headers   'x-timer': 'S1479243613.496689,VS0,VE0',
167 verbose headers   vary: 'Accept-Encoding' }
168 silly get cb [ 304,
168 silly get   { date: 'Tue, 15 Nov 2016 21:00:13 GMT',
168 silly get     via: '1.1 varnish',
168 silly get     'cache-control': 'max-age=300',
168 silly get     etag: 'W/"580645d3-46f7"',
168 silly get     age: '219',
168 silly get     connection: 'keep-alive',
168 silly get     'x-served-by': 'cache-iad2632-IAD',
168 silly get     'x-cache': 'HIT',
168 silly get     'x-cache-hits': '9',
168 silly get     'x-timer': 'S1479243613.496689,VS0,VE0',
168 silly get     vary: 'Accept-Encoding' } ]
169 verbose etag https://registry.npmjs.org/bindings from cache
170 verbose get saving bindings to C:\Users\Mario\AppData\Roaming\npm-cache\registry.npmjs.org\bindings\.cache.json
171 verbose correctMkdir C:\Users\Mario\AppData\Roaming\npm-cache correctMkdir not in flight; initializing
172 silly resolveWithNewModule nan@2.4.0 checking installable status
173 silly cache add args [ 'nan@^2.3.0', null ]
174 verbose cache add spec nan@^2.3.0
175 silly cache add parsed spec Result {
175 silly cache add   raw: 'nan@^2.3.0',
175 silly cache add   scope: null,
175 silly cache add   escapedName: 'nan',
175 silly cache add   name: 'nan',
175 silly cache add   rawSpec: '^2.3.0',
175 silly cache add   spec: '>=2.3.0 <3.0.0',
175 silly cache add   type: 'range' }
176 silly addNamed nan@>=2.3.0 <3.0.0
177 verbose addNamed ">=2.3.0 <3.0.0" is a valid semver range for nan
178 silly addNameRange { name: 'nan', range: '>=2.3.0 <3.0.0', hasData: false }
179 silly mapToRegistry name nan
180 silly mapToRegistry using default registry
181 silly mapToRegistry registry https://registry.npmjs.org/
182 silly mapToRegistry data Result {
182 silly mapToRegistry   raw: 'nan',
182 silly mapToRegistry   scope: null,
182 silly mapToRegistry   escapedName: 'nan',
182 silly mapToRegistry   name: 'nan',
182 silly mapToRegistry   rawSpec: '',
182 silly mapToRegistry   spec: 'latest',
182 silly mapToRegistry   type: 'tag' }
183 silly mapToRegistry uri https://registry.npmjs.org/nan
184 verbose addNameRange registry:https://registry.npmjs.org/nan not in flight; fetching
185 silly resolveWithNewModule bindings@1.2.1 checking installable status
186 silly cache add args [ 'bindings@1.2.1', null ]
187 verbose cache add spec bindings@1.2.1
188 silly cache add parsed spec Result {
188 silly cache add   raw: 'bindings@1.2.1',
188 silly cache add   scope: null,
188 silly cache add   escapedName: 'bindings',
188 silly cache add   name: 'bindings',
188 silly cache add   rawSpec: '1.2.1',
188 silly cache add   spec: '1.2.1',
188 silly cache add   type: 'version' }
189 silly addNamed bindings@1.2.1
190 verbose addNamed "1.2.1" is a plain semver version for bindings
191 silly mapToRegistry name bindings
192 silly mapToRegistry using default registry
193 silly mapToRegistry registry https://registry.npmjs.org/
194 silly mapToRegistry data Result {
194 silly mapToRegistry   raw: 'bindings',
194 silly mapToRegistry   scope: null,
194 silly mapToRegistry   escapedName: 'bindings',
194 silly mapToRegistry   name: 'bindings',
194 silly mapToRegistry   rawSpec: '',
194 silly mapToRegistry   spec: 'latest',
194 silly mapToRegistry   type: 'tag' }
195 silly mapToRegistry uri https://registry.npmjs.org/bindings
196 verbose addNameVersion registry:https://registry.npmjs.org/bindings not in flight; fetching
197 verbose get https://registry.npmjs.org/bindings not expired, no request
198 verbose get https://registry.npmjs.org/nan not expired, no request
199 silly addNameRange number 2 { name: 'nan', range: '>=2.3.0 <3.0.0', hasData: true }
200 silly addNameRange versions [ 'nan',
200 silly addNameRange   [ '0.3.0-wip',
200 silly addNameRange     '0.3.0-wip2',
200 silly addNameRange     '0.3.0',
200 silly addNameRange     '0.3.1',
200 silly addNameRange     '0.3.2',
200 silly addNameRange     '0.4.0',
200 silly addNameRange     '0.4.1',
200 silly addNameRange     '0.4.2',
200 silly addNameRange     '0.4.3',
200 silly addNameRange     '0.4.4',
200 silly addNameRange     '0.5.0',
200 silly addNameRange     '0.5.1',
200 silly addNameRange     '0.5.2',
200 silly addNameRange     '0.6.0',
200 silly addNameRange     '0.7.0',
200 silly addNameRange     '0.7.1',
200 silly addNameRange     '0.8.0',
200 silly addNameRange     '1.0.0',
200 silly addNameRange     '1.1.0',
200 silly addNameRange     '1.1.1',
200 silly addNameRange     '1.1.2',
200 silly addNameRange     '1.2.0',
200 silly addNameRange     '1.3.0',
200 silly addNameRange     '1.4.0',
200 silly addNameRange     '1.4.1',
200 silly addNameRange     '1.5.0',
200 silly addNameRange     '1.4.2',
200 silly addNameRange     '1.4.3',
200 silly addNameRange     '1.5.1',
200 silly addNameRange     '1.5.2',
200 silly addNameRange     '1.6.0',
200 silly addNameRange     '1.5.3',
200 silly addNameRange     '1.6.1',
200 silly addNameRange     '1.6.2',
200 silly addNameRange     '1.7.0',
200 silly addNameRange     '1.8.0',
200 silly addNameRange     '1.8.1',
200 silly addNameRange     '1.8.2',
200 silly addNameRange     '1.8.3',
200 silly addNameRange     '1.8.4',
200 silly addNameRange     '1.9.0',
200 silly addNameRange     '2.0.0',
200 silly addNameRange     '2.0.1',
200 silly addNameRange     '2.0.2',
200 silly addNameRange     '2.0.3',
200 silly addNameRange     '2.0.4',
200 silly addNameRange     '2.0.5',
200 silly addNameRange     '2.0.6',
200 silly addNameRange     '2.0.7',
200 silly addNameRange     '2.0.8',
200 silly addNameRange     '2.0.9',
200 silly addNameRange     '2.1.0',
200 silly addNameRange     '2.2.0',
200 silly addNameRange     '2.2.1',
200 silly addNameRange     '2.3.0',
200 silly addNameRange     '2.3.1',
200 silly addNameRange     '2.3.2',
200 silly addNameRange     '2.3.3',
200 silly addNameRange     '2.3.4',
200 silly addNameRange     '2.3.5',
200 silly addNameRange     '2.4.0' ] ]
201 silly addNamed nan@2.4.0
202 verbose addNamed "2.4.0" is a plain semver version for nan
203 silly cache afterAdd nan@2.4.0
204 verbose afterAdd C:\Users\Mario\AppData\Roaming\npm-cache\nan\2.4.0\package\package.json not in flight; writing
205 verbose correctMkdir C:\Users\Mario\AppData\Roaming\npm-cache correctMkdir not in flight; initializing
206 silly cache afterAdd bindings@1.2.1
207 verbose afterAdd C:\Users\Mario\AppData\Roaming\npm-cache\bindings\1.2.1\package\package.json not in flight; writing
208 verbose correctMkdir C:\Users\Mario\AppData\Roaming\npm-cache correctMkdir not in flight; initializing
209 verbose afterAdd C:\Users\Mario\AppData\Roaming\npm-cache\nan\2.4.0\package\package.json written
210 verbose afterAdd C:\Users\Mario\AppData\Roaming\npm-cache\bindings\1.2.1\package\package.json written
211 silly loadAllDepsIntoIdealTree Finishing
212 silly loadIdealTree Finishing
213 silly currentTree wdfinalproject@0.0.0
213 silly currentTree +-- abbrev@1.0.9
213 silly currentTree +-- accepts@1.3.3
213 silly currentTree +-- ansi-regex@2.0.0
213 silly currentTree +-- ansi-styles@2.2.1
213 silly currentTree +-- ap@0.2.0
213 silly currentTree +-- aproba@1.0.4
213 silly currentTree +-- are-we-there-yet@1.1.2
213 silly currentTree | +-- isarray@1.0.0
213 silly currentTree | `-- readable-stream@2.2.2
213 silly currentTree +-- array-flatten@1.1.1
213 silly currentTree +-- array-index@1.0.0
213 silly currentTree | +-- debug@2.3.2
213 silly currentTree | `-- ms@0.7.2
213 silly currentTree +-- asn1@0.2.3
213 silly currentTree +-- assert-plus@0.2.0
213 silly currentTree +-- asynckit@0.4.0
213 silly currentTree +-- aws-sign2@0.6.0
213 silly currentTree +-- aws4@1.5.0
213 silly currentTree +-- balanced-match@0.4.2
213 silly currentTree +-- basic-auth@1.0.4
213 silly currentTree +-- bcrypt-pbkdf@1.0.0
213 silly currentTree +-- block-stream@0.0.9
213 silly currentTree +-- body-parser@1.15.2
213 silly currentTree | `-- debug@2.2.0
213 silly currentTree +-- boom@2.10.1
213 silly currentTree +-- brace-expansion@1.1.6
213 silly currentTree +-- buffer-shims@1.0.0
213 silly currentTree +-- buffer-writer@1.0.1
213 silly currentTree +-- bytes@2.4.0
213 silly currentTree +-- caseless@0.11.0
213 silly currentTree +-- chalk@1.1.3
213 silly currentTree +-- code-point-at@1.1.0
213 silly currentTree +-- combined-stream@1.0.5
213 silly currentTree +-- commander@2.9.0
213 silly currentTree +-- concat-map@0.0.1
213 silly currentTree +-- console-control-strings@1.1.0
213 silly currentTree +-- content-disposition@0.5.1
213 silly currentTree +-- content-type@1.0.2
213 silly currentTree +-- cookie-parser@1.4.3
213 silly currentTree +-- cookie-signature@1.0.6
213 silly currentTree +-- cookie@0.3.1
213 silly currentTree +-- core-util-is@1.0.2
213 silly currentTree +-- cryptiles@2.0.5
213 silly currentTree +-- d@0.1.1
213 silly currentTree +-- dashdash@1.14.0
213 silly currentTree | `-- assert-plus@1.0.0
213 silly currentTree +-- delayed-stream@1.0.0
213 silly currentTree +-- delegates@1.0.0
213 silly currentTree +-- depd@1.1.0
213 silly currentTree +-- destroy@1.0.4
213 silly currentTree +-- ecc-jsbn@0.1.1
213 silly currentTree +-- ee-first@1.1.1
213 silly currentTree +-- encodeurl@1.0.1
213 silly currentTree +-- es5-ext@0.10.12
213 silly currentTree +-- es6-iterator@2.0.0
213 silly currentTree +-- es6-symbol@3.1.0
213 silly currentTree +-- escape-html@1.0.3
213 silly currentTree +-- escape-string-regexp@1.0.5
213 silly currentTree +-- etag@1.7.0
213 silly currentTree +-- express@4.14.0
213 silly currentTree | `-- debug@2.2.0
213 silly currentTree +-- extend@3.0.0
213 silly currentTree +-- extsprintf@1.0.2
213 silly currentTree +-- finalhandler@0.5.0
213 silly currentTree | `-- debug@2.2.0
213 silly currentTree +-- forever-agent@0.6.1
213 silly currentTree +-- form-data@2.1.2
213 silly currentTree +-- forwarded@0.1.0
213 silly currentTree +-- fresh@0.3.0
213 silly currentTree +-- fs.realpath@1.0.0
213 silly currentTree +-- fstream@1.0.10
213 silly currentTree +-- gauge@2.6.0
213 silly currentTree +-- generate-function@2.0.0
213 silly currentTree +-- generate-object-property@1.2.0
213 silly currentTree +-- generic-pool@2.4.2
213 silly currentTree +-- getpass@0.1.6
213 silly currentTree | `-- assert-plus@1.0.0
213 silly currentTree +-- glob@7.1.1
213 silly currentTree +-- graceful-fs@4.1.10
213 silly currentTree +-- graceful-readlink@1.0.1
213 silly currentTree +-- har-validator@2.0.6
213 silly currentTree +-- has-ansi@2.0.0
213 silly currentTree +-- has-color@0.1.7
213 silly currentTree +-- has-unicode@2.0.1
213 silly currentTree +-- hawk@3.1.3
213 silly currentTree +-- hoek@2.16.3
213 silly currentTree +-- http-errors@1.5.0
213 silly currentTree +-- http-signature@1.1.1
213 silly currentTree +-- iconv-lite@0.4.13
213 silly currentTree +-- inflight@1.0.6
213 silly currentTree +-- inherits@2.0.1
213 silly currentTree +-- ipaddr.js@1.1.1
213 silly currentTree +-- is-fullwidth-code-point@1.0.0
213 silly currentTree +-- is-my-json-valid@2.15.0
213 silly currentTree +-- is-property@1.0.2
213 silly currentTree +-- is-typedarray@1.0.0
213 silly currentTree +-- isarray@0.0.1
213 silly currentTree +-- isexe@1.1.2
213 silly currentTree +-- isstream@0.1.2
213 silly currentTree +-- jodid25519@1.0.2
213 silly currentTree +-- jsbn@0.1.0
213 silly currentTree +-- json-schema@0.2.3
213 silly currentTree +-- json-stringify-safe@5.0.1
213 silly currentTree +-- jsonpointer@4.0.0
213 silly currentTree +-- jsprim@1.3.1
213 silly currentTree +-- media-typer@0.3.0
213 silly currentTree +-- merge-descriptors@1.0.1
213 silly currentTree +-- methods@1.1.2
213 silly currentTree +-- mime-db@1.24.0
213 silly currentTree +-- mime-types@2.1.12
213 silly currentTree +-- mime@1.3.4
213 silly currentTree +-- minimatch@3.0.3
213 silly currentTree +-- minimist@0.0.8
213 silly currentTree +-- mkdirp@0.5.1
213 silly currentTree +-- morgan@1.6.1
213 silly currentTree | +-- debug@2.2.0
213 silly currentTree | `-- depd@1.0.1
213 silly currentTree +-- ms@0.7.1
213 silly currentTree +-- negotiator@0.6.1
213 silly currentTree +-- node-gyp@3.4.0
213 silly currentTree +-- node-uuid@1.4.7
213 silly currentTree +-- nopt@3.0.6
213 silly currentTree +-- npmlog@3.1.2
213 silly currentTree +-- number-is-nan@1.0.1
213 silly currentTree +-- oauth-sign@0.8.2
213 silly currentTree +-- object-assign@4.1.0
213 silly currentTree +-- on-finished@2.3.0
213 silly currentTree +-- on-headers@1.0.1
213 silly currentTree +-- once@1.4.0
213 silly currentTree +-- optimist@0.3.7
213 silly currentTree +-- os-homedir@1.0.2
213 silly currentTree +-- os-tmpdir@1.0.2
213 silly currentTree +-- osenv@0.1.3
213 silly currentTree +-- packet-reader@0.2.0
213 silly currentTree +-- parseurl@1.3.1
213 silly currentTree +-- passport-strategy@1.0.0
213 silly currentTree +-- passport@0.3.2
213 silly currentTree +-- path-array@1.0.1
213 silly currentTree +-- path-is-absolute@1.0.1
213 silly currentTree +-- path-to-regexp@0.1.7
213 silly currentTree +-- pause@0.0.1
213 silly currentTree +-- pg-connection-string@0.1.3
213 silly currentTree +-- pg-types@1.11.0
213 silly currentTree +-- pg@4.5.6
213 silly currentTree +-- pgpass@0.0.3
213 silly currentTree +-- pinkie-promise@2.0.1
213 silly currentTree +-- pinkie@2.0.4
213 silly currentTree +-- postgres-array@1.0.0
213 silly currentTree +-- postgres-bytea@1.0.0
213 silly currentTree +-- postgres-date@1.0.3
213 silly currentTree +-- postgres-interval@1.0.2
213 silly currentTree +-- process-nextick-args@1.0.7
213 silly currentTree +-- proxy-addr@1.1.2
213 silly currentTree +-- punycode@1.4.1
213 silly currentTree +-- qs@6.2.0
213 silly currentTree +-- range-parser@1.2.0
213 silly currentTree +-- raw-body@2.1.7
213 silly currentTree +-- readable-stream@1.0.31
213 silly currentTree +-- rebuild@0.1.2
213 silly currentTree +-- request@2.78.0
213 silly currentTree | `-- qs@6.3.0
213 silly currentTree +-- rimraf@2.5.4
213 silly currentTree +-- semver@4.3.6
213 silly currentTree +-- send@0.14.1
213 silly currentTree | `-- debug@2.2.0
213 silly currentTree +-- serve-favicon@2.3.0
213 silly currentTree +-- serve-static@1.11.1
213 silly currentTree +-- set-blocking@2.0.0
213 silly currentTree +-- setprototypeof@1.0.1
213 silly currentTree +-- signal-exit@3.0.1
213 silly currentTree +-- sntp@1.0.9
213 silly currentTree +-- split@0.3.3
213 silly currentTree +-- sshpk@1.10.1
213 silly currentTree | `-- assert-plus@1.0.0
213 silly currentTree +-- statuses@1.3.1
213 silly currentTree +-- string_decoder@0.10.31
213 silly currentTree +-- string-width@1.0.2
213 silly currentTree +-- stringstream@0.0.5
213 silly currentTree +-- strip-ansi@3.0.1
213 silly currentTree +-- supports-color@2.0.0
213 silly currentTree +-- tar@2.2.1
213 silly currentTree +-- through@2.3.8
213 silly currentTree +-- tough-cookie@2.3.2
213 silly currentTree +-- tunnel-agent@0.4.3
213 silly currentTree +-- tweetnacl@0.14.3
213 silly currentTree +-- type-is@1.6.13
213 silly currentTree +-- unpipe@1.0.0
213 silly currentTree +-- util-deprecate@1.0.2
213 silly currentTree +-- utils-merge@1.0.0
213 silly currentTree +-- vary@1.1.0
213 silly currentTree +-- verror@1.3.6
213 silly currentTree +-- which@1.2.12
213 silly currentTree +-- wide-align@1.1.0
213 silly currentTree +-- wordwrap@0.0.3
213 silly currentTree +-- wrappy@1.0.2
213 silly currentTree `-- xtend@4.0.1
214 silly idealTree wdfinalproject@0.0.0
214 silly idealTree +-- abbrev@1.0.9
214 silly idealTree +-- accepts@1.3.3
214 silly idealTree +-- ansi-regex@2.0.0
214 silly idealTree +-- ansi-styles@2.2.1
214 silly idealTree +-- ap@0.2.0
214 silly idealTree +-- aproba@1.0.4
214 silly idealTree +-- are-we-there-yet@1.1.2
214 silly idealTree | +-- isarray@1.0.0
214 silly idealTree | `-- readable-stream@2.2.2
214 silly idealTree +-- array-flatten@1.1.1
214 silly idealTree +-- array-index@1.0.0
214 silly idealTree | +-- debug@2.3.2
214 silly idealTree | `-- ms@0.7.2
214 silly idealTree +-- asn1@0.2.3
214 silly idealTree +-- assert-plus@0.2.0
214 silly idealTree +-- asynckit@0.4.0
214 silly idealTree +-- aws-sign2@0.6.0
214 silly idealTree +-- aws4@1.5.0
214 silly idealTree +-- balanced-match@0.4.2
214 silly idealTree +-- basic-auth@1.0.4
214 silly idealTree +-- bcrypt-pbkdf@1.0.0
214 silly idealTree +-- bindings@1.2.1
214 silly idealTree +-- block-stream@0.0.9
214 silly idealTree +-- body-parser@1.15.2
214 silly idealTree | `-- debug@2.2.0
214 silly idealTree +-- boom@2.10.1
214 silly idealTree +-- brace-expansion@1.1.6
214 silly idealTree +-- buffer-shims@1.0.0
214 silly idealTree +-- buffer-writer@1.0.1
214 silly idealTree +-- bytes@2.4.0
214 silly idealTree +-- caseless@0.11.0
214 silly idealTree +-- chalk@1.1.3
214 silly idealTree +-- code-point-at@1.1.0
214 silly idealTree +-- combined-stream@1.0.5
214 silly idealTree +-- commander@2.9.0
214 silly idealTree +-- concat-map@0.0.1
214 silly idealTree +-- console-control-strings@1.1.0
214 silly idealTree +-- content-disposition@0.5.1
214 silly idealTree +-- content-type@1.0.2
214 silly idealTree +-- cookie-parser@1.4.3
214 silly idealTree +-- cookie-signature@1.0.6
214 silly idealTree +-- cookie@0.3.1
214 silly idealTree +-- core-util-is@1.0.2
214 silly idealTree +-- cryptiles@2.0.5
214 silly idealTree +-- d@0.1.1
214 silly idealTree +-- dashdash@1.14.0
214 silly idealTree | `-- assert-plus@1.0.0
214 silly idealTree +-- delayed-stream@1.0.0
214 silly idealTree +-- delegates@1.0.0
214 silly idealTree +-- depd@1.1.0
214 silly idealTree +-- destroy@1.0.4
214 silly idealTree +-- ecc-jsbn@0.1.1
214 silly idealTree +-- ee-first@1.1.1
214 silly idealTree +-- encodeurl@1.0.1
214 silly idealTree +-- es5-ext@0.10.12
214 silly idealTree +-- es6-iterator@2.0.0
214 silly idealTree +-- es6-symbol@3.1.0
214 silly idealTree +-- escape-html@1.0.3
214 silly idealTree +-- escape-string-regexp@1.0.5
214 silly idealTree +-- etag@1.7.0
214 silly idealTree +-- express@4.14.0
214 silly idealTree | `-- debug@2.2.0
214 silly idealTree +-- extend@3.0.0
214 silly idealTree +-- extsprintf@1.0.2
214 silly idealTree +-- finalhandler@0.5.0
214 silly idealTree | `-- debug@2.2.0
214 silly idealTree +-- forever-agent@0.6.1
214 silly idealTree +-- form-data@2.1.2
214 silly idealTree +-- forwarded@0.1.0
214 silly idealTree +-- fresh@0.3.0
214 silly idealTree +-- fs.realpath@1.0.0
214 silly idealTree +-- fstream@1.0.10
214 silly idealTree +-- gauge@2.6.0
214 silly idealTree +-- generate-function@2.0.0
214 silly idealTree +-- generate-object-property@1.2.0
214 silly idealTree +-- generic-pool@2.4.2
214 silly idealTree +-- getpass@0.1.6
214 silly idealTree | `-- assert-plus@1.0.0
214 silly idealTree +-- glob@7.1.1
214 silly idealTree +-- graceful-fs@4.1.10
214 silly idealTree +-- graceful-readlink@1.0.1
214 silly idealTree +-- har-validator@2.0.6
214 silly idealTree +-- has-ansi@2.0.0
214 silly idealTree +-- has-color@0.1.7
214 silly idealTree +-- has-unicode@2.0.1
214 silly idealTree +-- hawk@3.1.3
214 silly idealTree +-- hoek@2.16.3
214 silly idealTree +-- http-errors@1.5.0
214 silly idealTree +-- http-signature@1.1.1
214 silly idealTree +-- iconv-lite@0.4.13
214 silly idealTree +-- inflight@1.0.6
214 silly idealTree +-- inherits@2.0.1
214 silly idealTree +-- ipaddr.js@1.1.1
214 silly idealTree +-- is-fullwidth-code-point@1.0.0
214 silly idealTree +-- is-my-json-valid@2.15.0
214 silly idealTree +-- is-property@1.0.2
214 silly idealTree +-- is-typedarray@1.0.0
214 silly idealTree +-- isarray@0.0.1
214 silly idealTree +-- isexe@1.1.2
214 silly idealTree +-- isstream@0.1.2
214 silly idealTree +-- jodid25519@1.0.2
214 silly idealTree +-- jsbn@0.1.0
214 silly idealTree +-- json-schema@0.2.3
214 silly idealTree +-- json-stringify-safe@5.0.1
214 silly idealTree +-- jsonpointer@4.0.0
214 silly idealTree +-- jsprim@1.3.1
214 silly idealTree +-- libpq@1.8.5
214 silly idealTree +-- media-typer@0.3.0
214 silly idealTree +-- merge-descriptors@1.0.1
214 silly idealTree +-- methods@1.1.2
214 silly idealTree +-- mime-db@1.24.0
214 silly idealTree +-- mime-types@2.1.12
214 silly idealTree +-- mime@1.3.4
214 silly idealTree +-- minimatch@3.0.3
214 silly idealTree +-- minimist@0.0.8
214 silly idealTree +-- mkdirp@0.5.1
214 silly idealTree +-- morgan@1.6.1
214 silly idealTree | +-- debug@2.2.0
214 silly idealTree | `-- depd@1.0.1
214 silly idealTree +-- ms@0.7.1
214 silly idealTree +-- nan@2.4.0
214 silly idealTree +-- negotiator@0.6.1
214 silly idealTree +-- node-gyp@3.4.0
214 silly idealTree +-- node-uuid@1.4.7
214 silly idealTree +-- nopt@3.0.6
214 silly idealTree +-- npmlog@3.1.2
214 silly idealTree +-- number-is-nan@1.0.1
214 silly idealTree +-- oauth-sign@0.8.2
214 silly idealTree +-- object-assign@4.1.0
214 silly idealTree +-- on-finished@2.3.0
214 silly idealTree +-- on-headers@1.0.1
214 silly idealTree +-- once@1.4.0
214 silly idealTree +-- optimist@0.3.7
214 silly idealTree +-- os-homedir@1.0.2
214 silly idealTree +-- os-tmpdir@1.0.2
214 silly idealTree +-- osenv@0.1.3
214 silly idealTree +-- packet-reader@0.2.0
214 silly idealTree +-- parseurl@1.3.1
214 silly idealTree +-- passport-strategy@1.0.0
214 silly idealTree +-- passport@0.3.2
214 silly idealTree +-- path-array@1.0.1
214 silly idealTree +-- path-is-absolute@1.0.1
214 silly idealTree +-- path-to-regexp@0.1.7
214 silly idealTree +-- pause@0.0.1
214 silly idealTree +-- pg-connection-string@0.1.3
214 silly idealTree +-- pg-native@1.10.0
214 silly idealTree | `-- pg-types@1.6.0
214 silly idealTree +-- pg-types@1.11.0
214 silly idealTree +-- pg@4.5.6
214 silly idealTree +-- pgpass@0.0.3
214 silly idealTree +-- pinkie-promise@2.0.1
214 silly idealTree +-- pinkie@2.0.4
214 silly idealTree +-- postgres-array@1.0.0
214 silly idealTree +-- postgres-bytea@1.0.0
214 silly idealTree +-- postgres-date@1.0.3
214 silly idealTree +-- postgres-interval@1.0.2
214 silly idealTree +-- process-nextick-args@1.0.7
214 silly idealTree +-- proxy-addr@1.1.2
214 silly idealTree +-- punycode@1.4.1
214 silly idealTree +-- qs@6.2.0
214 silly idealTree +-- range-parser@1.2.0
214 silly idealTree +-- raw-body@2.1.7
214 silly idealTree +-- readable-stream@1.0.31
214 silly idealTree +-- rebuild@0.1.2
214 silly idealTree +-- request@2.78.0
214 silly idealTree | `-- qs@6.3.0
214 silly idealTree +-- rimraf@2.5.4
214 silly idealTree +-- semver@4.3.6
214 silly idealTree +-- send@0.14.1
214 silly idealTree | `-- debug@2.2.0
214 silly idealTree +-- serve-favicon@2.3.0
214 silly idealTree +-- serve-static@1.11.1
214 silly idealTree +-- set-blocking@2.0.0
214 silly idealTree +-- setprototypeof@1.0.1
214 silly idealTree +-- signal-exit@3.0.1
214 silly idealTree +-- sntp@1.0.9
214 silly idealTree +-- split@0.3.3
214 silly idealTree +-- sshpk@1.10.1
214 silly idealTree | `-- assert-plus@1.0.0
214 silly idealTree +-- statuses@1.3.1
214 silly idealTree +-- string_decoder@0.10.31
214 silly idealTree +-- string-width@1.0.2
214 silly idealTree +-- stringstream@0.0.5
214 silly idealTree +-- strip-ansi@3.0.1
214 silly idealTree +-- supports-color@2.0.0
214 silly idealTree +-- tar@2.2.1
214 silly idealTree +-- through@2.3.8
214 silly idealTree +-- tough-cookie@2.3.2
214 silly idealTree +-- tunnel-agent@0.4.3
214 silly idealTree +-- tweetnacl@0.14.3
214 silly idealTree +-- type-is@1.6.13
214 silly idealTree +-- unpipe@1.0.0
214 silly idealTree +-- util-deprecate@1.0.2
214 silly idealTree +-- utils-merge@1.0.0
214 silly idealTree +-- vary@1.1.0
214 silly idealTree +-- verror@1.3.6
214 silly idealTree +-- which@1.2.12
214 silly idealTree +-- wide-align@1.1.0
214 silly idealTree +-- wordwrap@0.0.3
214 silly idealTree +-- wrappy@1.0.2
214 silly idealTree `-- xtend@4.0.1
215 silly generateActionsToTake Starting
216 silly install generateActionsToTake
217 silly generateActionsToTake Finishing
218 silly diffTrees action count 5
219 silly diffTrees add bindings@1.2.1
220 silly diffTrees add nan@2.4.0
221 silly diffTrees add libpq@1.8.5
222 silly diffTrees add pg-types@1.6.0
223 silly diffTrees add pg-native@1.10.0
224 silly decomposeActions action count 40
225 silly decomposeActions fetch bindings@1.2.1
226 silly decomposeActions extract bindings@1.2.1
227 silly decomposeActions test bindings@1.2.1
228 silly decomposeActions preinstall bindings@1.2.1
229 silly decomposeActions build bindings@1.2.1
230 silly decomposeActions install bindings@1.2.1
231 silly decomposeActions postinstall bindings@1.2.1
232 silly decomposeActions finalize bindings@1.2.1
233 silly decomposeActions fetch nan@2.4.0
234 silly decomposeActions extract nan@2.4.0
235 silly decomposeActions test nan@2.4.0
236 silly decomposeActions preinstall nan@2.4.0
237 silly decomposeActions build nan@2.4.0
238 silly decomposeActions install nan@2.4.0
239 silly decomposeActions postinstall nan@2.4.0
240 silly decomposeActions finalize nan@2.4.0
241 silly decomposeActions fetch libpq@1.8.5
242 silly decomposeActions extract libpq@1.8.5
243 silly decomposeActions test libpq@1.8.5
244 silly decomposeActions preinstall libpq@1.8.5
245 silly decomposeActions build libpq@1.8.5
246 silly decomposeActions install libpq@1.8.5
247 silly decomposeActions postinstall libpq@1.8.5
248 silly decomposeActions finalize libpq@1.8.5
249 silly decomposeActions fetch pg-types@1.6.0
250 silly decomposeActions extract pg-types@1.6.0
251 silly decomposeActions test pg-types@1.6.0
252 silly decomposeActions preinstall pg-types@1.6.0
253 silly decomposeActions build pg-types@1.6.0
254 silly decomposeActions install pg-types@1.6.0
255 silly decomposeActions postinstall pg-types@1.6.0
256 silly decomposeActions finalize pg-types@1.6.0
257 silly decomposeActions fetch pg-native@1.10.0
258 silly decomposeActions extract pg-native@1.10.0
259 silly decomposeActions test pg-native@1.10.0
260 silly decomposeActions preinstall pg-native@1.10.0
261 silly decomposeActions build pg-native@1.10.0
262 silly decomposeActions install pg-native@1.10.0
263 silly decomposeActions postinstall pg-native@1.10.0
264 silly decomposeActions finalize pg-native@1.10.0
265 silly runTopLevelLifecycles Starting
266 silly executeActions Starting
267 silly install executeActions
268 silly doSerial global-install 0
269 silly doParallel fetch 5
270 verbose correctMkdir C:\Users\Mario\AppData\Roaming\npm-cache\_locks correctMkdir not in flight; initializing
271 verbose lock using C:\Users\Mario\AppData\Roaming\npm-cache\_locks\staging-48ec4594af921f1f.lock for C:\Users\Mario\oose\oose\node_modules\.staging
272 silly doParallel extract 5
273 silly extract bindings@1.2.1
274 silly extract nan@2.4.0
275 silly extract libpq@1.8.5
276 silly extract pg-types@1.6.0
277 silly extract pg-native@1.10.0
278 verbose unbuild node_modules\.staging\bindings-69513335
279 verbose unbuild node_modules\.staging\pg-types-5aad71ac
280 verbose unbuild node_modules\.staging\nan-ea4b0ef7
281 verbose unbuild node_modules\.staging\libpq-7a175ec7
282 verbose unbuild node_modules\.staging\pg-native-d3041d74
283 silly gentlyRm C:\Users\Mario\oose\oose\node_modules\.staging\bindings-69513335 is being purged from base C:\Users\Mario\oose\oose
284 verbose gentlyRm don't care about contents; nuking C:\Users\Mario\oose\oose\node_modules\.staging\bindings-69513335
285 silly gentlyRm C:\Users\Mario\oose\oose\node_modules\.staging\pg-types-5aad71ac is being purged from base C:\Users\Mario\oose\oose
286 verbose gentlyRm don't care about contents; nuking C:\Users\Mario\oose\oose\node_modules\.staging\pg-types-5aad71ac
287 silly gentlyRm C:\Users\Mario\oose\oose\node_modules\.staging\nan-ea4b0ef7 is being purged from base C:\Users\Mario\oose\oose
288 verbose gentlyRm don't care about contents; nuking C:\Users\Mario\oose\oose\node_modules\.staging\nan-ea4b0ef7
289 silly gentlyRm C:\Users\Mario\oose\oose\node_modules\.staging\libpq-7a175ec7 is being purged from base C:\Users\Mario\oose\oose
290 verbose gentlyRm don't care about contents; nuking C:\Users\Mario\oose\oose\node_modules\.staging\libpq-7a175ec7
291 silly gentlyRm C:\Users\Mario\oose\oose\node_modules\.staging\pg-native-d3041d74 is being purged from base C:\Users\Mario\oose\oose
292 verbose gentlyRm don't care about contents; nuking C:\Users\Mario\oose\oose\node_modules\.staging\pg-native-d3041d74
293 verbose tar unpack C:\Users\Mario\AppData\Roaming\npm-cache\bindings\1.2.1\package.tgz
294 verbose tar unpacking to C:\Users\Mario\oose\oose\node_modules\.staging\bindings-69513335
295 silly gentlyRm C:\Users\Mario\oose\oose\node_modules\.staging\bindings-69513335 is being purged
296 verbose gentlyRm don't care about contents; nuking C:\Users\Mario\oose\oose\node_modules\.staging\bindings-69513335
297 verbose tar unpack C:\Users\Mario\AppData\Roaming\npm-cache\pg-types\1.6.0\package.tgz
298 verbose tar unpacking to C:\Users\Mario\oose\oose\node_modules\.staging\pg-types-5aad71ac
299 silly gentlyRm C:\Users\Mario\oose\oose\node_modules\.staging\pg-types-5aad71ac is being purged
300 verbose gentlyRm don't care about contents; nuking C:\Users\Mario\oose\oose\node_modules\.staging\pg-types-5aad71ac
301 verbose tar unpack C:\Users\Mario\AppData\Roaming\npm-cache\nan\2.4.0\package.tgz
302 verbose tar unpacking to C:\Users\Mario\oose\oose\node_modules\.staging\nan-ea4b0ef7
303 silly gentlyRm C:\Users\Mario\oose\oose\node_modules\.staging\nan-ea4b0ef7 is being purged
304 verbose gentlyRm don't care about contents; nuking C:\Users\Mario\oose\oose\node_modules\.staging\nan-ea4b0ef7
305 verbose tar unpack C:\Users\Mario\AppData\Roaming\npm-cache\libpq\1.8.5\package.tgz
306 verbose tar unpacking to C:\Users\Mario\oose\oose\node_modules\.staging\libpq-7a175ec7
307 silly gentlyRm C:\Users\Mario\oose\oose\node_modules\.staging\libpq-7a175ec7 is being purged
308 verbose gentlyRm don't care about contents; nuking C:\Users\Mario\oose\oose\node_modules\.staging\libpq-7a175ec7
309 verbose tar unpack C:\Users\Mario\AppData\Roaming\npm-cache\pg-native\1.10.0\package.tgz
310 verbose tar unpacking to C:\Users\Mario\oose\oose\node_modules\.staging\pg-native-d3041d74
311 silly gentlyRm C:\Users\Mario\oose\oose\node_modules\.staging\pg-native-d3041d74 is being purged
312 verbose gentlyRm don't care about contents; nuking C:\Users\Mario\oose\oose\node_modules\.staging\pg-native-d3041d74
313 silly gunzTarPerm modes [ '777', '666' ]
314 silly gunzTarPerm modes [ '777', '666' ]
315 silly gunzTarPerm modes [ '777', '666' ]
316 silly gunzTarPerm modes [ '777', '666' ]
317 silly gunzTarPerm modes [ '777', '666' ]
318 silly gunzTarPerm extractEntry package.json
319 silly gunzTarPerm modified mode [ 'package.json', 420, 438 ]
320 silly gunzTarPerm extractEntry package.json
321 silly gunzTarPerm modified mode [ 'package.json', 420, 438 ]
322 silly gunzTarPerm extractEntry package.json
323 silly gunzTarPerm modified mode [ 'package.json', 436, 438 ]
324 silly gunzTarPerm extractEntry package.json
325 silly gunzTarPerm modified mode [ 'package.json', 420, 438 ]
326 silly gunzTarPerm extractEntry package.json
327 silly gunzTarPerm modified mode [ 'package.json', 420, 438 ]
328 silly gunzTarPerm extractEntry README.md
329 silly gunzTarPerm modified mode [ 'README.md', 420, 438 ]
330 silly gunzTarPerm extractEntry bindings.js
331 silly gunzTarPerm modified mode [ 'bindings.js', 420, 438 ]
332 silly gunzTarPerm extractEntry .npmignore
333 silly gunzTarPerm modified mode [ '.npmignore', 420, 438 ]
334 silly gunzTarPerm extractEntry README.md
335 silly gunzTarPerm modified mode [ 'README.md', 420, 438 ]
336 silly gunzTarPerm extractEntry README.md
337 silly gunzTarPerm modified mode [ 'README.md', 436, 438 ]
338 silly gunzTarPerm extractEntry .npmignore
339 silly gunzTarPerm modified mode [ '.npmignore', 420, 438 ]
340 silly gunzTarPerm extractEntry README.md
341 silly gunzTarPerm modified mode [ 'README.md', 420, 438 ]
342 silly gunzTarPerm extractEntry .npmignore
343 silly gunzTarPerm modified mode [ '.npmignore', 420, 438 ]
344 silly gunzTarPerm extractEntry README.md
345 silly gunzTarPerm modified mode [ 'README.md', 420, 438 ]
346 silly gunzTarPerm extractEntry include_dirs.js
347 silly gunzTarPerm modified mode [ 'include_dirs.js', 436, 438 ]
348 silly gunzTarPerm extractEntry index.js
349 silly gunzTarPerm modified mode [ 'index.js', 420, 438 ]
350 silly gunzTarPerm extractEntry .travis.yml
351 silly gunzTarPerm modified mode [ '.travis.yml', 420, 438 ]
352 silly gunzTarPerm extractEntry index.js
353 silly gunzTarPerm modified mode [ 'index.js', 420, 438 ]
354 silly gunzTarPerm extractEntry bench/index.js
355 silly gunzTarPerm modified mode [ 'bench/index.js', 420, 438 ]
356 silly gunzTarPerm extractEntry bench/leaks.js
357 silly gunzTarPerm modified mode [ 'bench/leaks.js', 420, 438 ]
358 silly gunzTarPerm extractEntry .travis.yml
359 silly gunzTarPerm modified mode [ '.travis.yml', 420, 438 ]
360 silly gunzTarPerm extractEntry Makefile
361 silly gunzTarPerm modified mode [ 'Makefile', 420, 438 ]
362 silly gunzTarPerm extractEntry lib/copy-stream.js
363 silly gunzTarPerm modified mode [ 'lib/copy-stream.js', 420, 438 ]
364 silly gunzTarPerm extractEntry test/array-mode.js
365 silly gunzTarPerm modified mode [ 'test/array-mode.js', 420, 438 ]
366 silly gunzTarPerm extractEntry test/custom-types.js
367 silly gunzTarPerm modified mode [ 'test/custom-types.js', 420, 438 ]
368 silly gunzTarPerm extractEntry test/domains.js
369 silly gunzTarPerm modified mode [ 'test/domains.js', 420, 438 ]
370 silly gunzTarPerm extractEntry test/huge-query.js
371 silly gunzTarPerm modified mode [ 'test/huge-query.js', 420, 438 ]
372 silly gunzTarPerm extractEntry test/copy-to.js
373 silly gunzTarPerm modified mode [ 'test/copy-to.js', 420, 438 ]
374 silly gunzTarPerm extractEntry test/async-workflow.js
375 silly gunzTarPerm modified mode [ 'test/async-workflow.js', 420, 438 ]
376 silly gunzTarPerm extractEntry test/many-connections.js
377 silly gunzTarPerm modified mode [ 'test/many-connections.js', 420, 438 ]
378 silly gunzTarPerm extractEntry test/many-errors.js
379 silly gunzTarPerm modified mode [ 'test/many-errors.js', 420, 438 ]
380 silly gunzTarPerm extractEntry test/query-sync.js
381 silly gunzTarPerm modified mode [ 'test/query-sync.js', 420, 438 ]
382 silly gunzTarPerm extractEntry test/multiple-queries.js
383 silly gunzTarPerm modified mode [ 'test/multiple-queries.js', 420, 438 ]
384 silly gunzTarPerm extractEntry test/copy-from.js
385 silly gunzTarPerm modified mode [ 'test/copy-from.js', 420, 438 ]
386 silly gunzTarPerm extractEntry test/notify.js
387 silly gunzTarPerm modified mode [ 'test/notify.js', 420, 438 ]
388 silly gunzTarPerm extractEntry test/connection.js
389 silly gunzTarPerm modified mode [ 'test/connection.js', 420, 438 ]
390 silly gunzTarPerm extractEntry test/prepare.js
391 silly gunzTarPerm modified mode [ 'test/prepare.js', 420, 438 ]
392 silly gunzTarPerm extractEntry test/cancel.js
393 silly gunzTarPerm modified mode [ 'test/cancel.js', 420, 438 ]
394 silly gunzTarPerm extractEntry test/query-async.js
395 silly gunzTarPerm modified mode [ 'test/query-async.js', 420, 438 ]
396 silly gunzTarPerm extractEntry test/index.js
397 silly gunzTarPerm modified mode [ 'test/index.js', 420, 438 ]
398 silly gunzTarPerm extractEntry test/version.js
399 silly gunzTarPerm modified mode [ 'test/version.js', 420, 438 ]
400 silly gunzTarPerm extractEntry test/load.js
401 silly gunzTarPerm modified mode [ 'test/load.js', 420, 438 ]
402 silly gunzTarPerm extractEntry test/mocha.opts
403 silly gunzTarPerm modified mode [ 'test/mocha.opts', 420, 438 ]
404 silly gunzTarPerm extractEntry index.js
405 silly gunzTarPerm modified mode [ 'index.js', 420, 438 ]
406 silly gunzTarPerm extractEntry nan_callbacks_pre_12_inl.h
407 silly gunzTarPerm modified mode [ 'nan_callbacks_pre_12_inl.h', 436, 438 ]
408 silly gunzTarPerm extractEntry CHANGELOG.md
409 silly gunzTarPerm modified mode [ 'CHANGELOG.md', 436, 438 ]
410 silly gunzTarPerm extractEntry LICENSE.md
411 silly gunzTarPerm modified mode [ 'LICENSE.md', 436, 438 ]
412 silly gunzTarPerm extractEntry doc/node_misc.md
413 silly gunzTarPerm modified mode [ 'doc/node_misc.md', 436, 438 ]
414 silly gunzTarPerm extractEntry binding.gyp
415 silly gunzTarPerm modified mode [ 'binding.gyp', 420, 438 ]
416 silly gunzTarPerm extractEntry .travis.yml
417 silly gunzTarPerm modified mode [ '.travis.yml', 420, 438 ]
418 silly gunzTarPerm extractEntry Makefile
419 silly gunzTarPerm modified mode [ 'Makefile', 420, 438 ]
420 silly gunzTarPerm extractEntry Makefile
421 silly gunzTarPerm modified mode [ 'Makefile', 420, 438 ]
422 silly gunzTarPerm extractEntry lib/arrayParser.js
423 silly gunzTarPerm modified mode [ 'lib/arrayParser.js', 420, 438 ]
424 silly gunzTarPerm extractEntry src/addon.cc
425 silly gunzTarPerm modified mode [ 'src/addon.cc', 420, 438 ]
426 silly gunzTarPerm extractEntry doc/asyncworker.md
427 silly gunzTarPerm modified mode [ 'doc/asyncworker.md', 436, 438 ]
428 silly gunzTarPerm extractEntry doc/callback.md
429 silly gunzTarPerm modified mode [ 'doc/callback.md', 436, 438 ]
430 silly gunzTarPerm extractEntry src/addon.h
431 silly gunzTarPerm modified mode [ 'src/addon.h', 420, 438 ]
432 silly gunzTarPerm extractEntry src/connect-async-worker.cc
433 silly gunzTarPerm modified mode [ 'src/connect-async-worker.cc', 420, 438 ]
434 silly gunzTarPerm extractEntry lib/binaryParsers.js
435 silly gunzTarPerm modified mode [ 'lib/binaryParsers.js', 420, 438 ]
436 silly gunzTarPerm extractEntry lib/textParsers.js
437 silly gunzTarPerm modified mode [ 'lib/textParsers.js', 420, 438 ]
438 silly gunzTarPerm extractEntry test/array.js
439 silly gunzTarPerm modified mode [ 'test/array.js', 420, 438 ]
440 silly gunzTarPerm extractEntry test/assert.js
441 silly gunzTarPerm modified mode [ 'test/assert.js', 420, 438 ]
442 silly gunzTarPerm extractEntry test/dates.js
443 silly gunzTarPerm modified mode [ 'test/dates.js', 420, 438 ]
444 silly gunzTarPerm extractEntry test/index.js
445 silly gunzTarPerm modified mode [ 'test/index.js', 420, 438 ]
446 silly gunzTarPerm extractEntry doc/converters.md
447 silly gunzTarPerm modified mode [ 'doc/converters.md', 436, 438 ]
448 silly gunzTarPerm extractEntry doc/errors.md
449 silly gunzTarPerm modified mode [ 'doc/errors.md', 436, 438 ]
450 silly gunzTarPerm extractEntry src/connect-async-worker.h
451 silly gunzTarPerm modified mode [ 'src/connect-async-worker.h', 420, 438 ]
452 silly gunzTarPerm extractEntry src/connection.cc
453 silly gunzTarPerm modified mode [ 'src/connection.cc', 420, 438 ]
454 silly gunzTarPerm extractEntry doc/maybe_types.md
455 silly gunzTarPerm modified mode [ 'doc/maybe_types.md', 436, 438 ]
456 silly gunzTarPerm extractEntry doc/methods.md
457 silly gunzTarPerm modified mode [ 'doc/methods.md', 436, 438 ]
458 silly gentlyRm C:\Users\Mario\oose\oose\node_modules\.staging\bindings-69513335\node_modules is being purged
459 verbose gentlyRm don't care about contents; nuking C:\Users\Mario\oose\oose\node_modules\.staging\bindings-69513335\node_modules
460 silly gunzTarPerm extractEntry src/connection.h
461 silly gunzTarPerm modified mode [ 'src/connection.h', 420, 438 ]
462 silly gunzTarPerm extractEntry test/async-connection.js
463 silly gunzTarPerm modified mode [ 'test/async-connection.js', 420, 438 ]
464 silly gunzTarPerm extractEntry doc/new.md
465 silly gunzTarPerm modified mode [ 'doc/new.md', 436, 438 ]
466 silly gunzTarPerm extractEntry doc/buffers.md
467 silly gunzTarPerm modified mode [ 'doc/buffers.md', 436, 438 ]
468 silly gunzTarPerm extractEntry test/escaping.js
469 silly gunzTarPerm modified mode [ 'test/escaping.js', 420, 438 ]
470 silly gunzTarPerm extractEntry test/helper.js
471 silly gunzTarPerm modified mode [ 'test/helper.js', 420, 438 ]
472 silly gunzTarPerm extractEntry doc/object_wrappers.md
473 silly gunzTarPerm modified mode [ 'doc/object_wrappers.md', 436, 438 ]
474 silly gunzTarPerm extractEntry doc/persistent.md
475 silly gunzTarPerm modified mode [ 'doc/persistent.md', 436, 438 ]
476 silly gunzTarPerm extractEntry test/index.js
477 silly gunzTarPerm modified mode [ 'test/index.js', 420, 438 ]
478 silly gunzTarPerm extractEntry test/error-info.js
479 silly gunzTarPerm modified mode [ 'test/error-info.js', 420, 438 ]
480 silly gunzTarPerm extractEntry doc/scopes.md
481 silly gunzTarPerm modified mode [ 'doc/scopes.md', 436, 438 ]
482 silly gunzTarPerm extractEntry doc/script.md
483 silly gunzTarPerm modified mode [ 'doc/script.md', 436, 438 ]
484 silly gunzTarPerm extractEntry test/async-socket.js
485 silly gunzTarPerm modified mode [ 'test/async-socket.js', 420, 438 ]
486 silly gunzTarPerm extractEntry test/sync-prepare.js
487 silly gunzTarPerm modified mode [ 'test/sync-prepare.js', 420, 438 ]
488 silly gunzTarPerm extractEntry doc/string_bytes.md
489 silly gunzTarPerm modified mode [ 'doc/string_bytes.md', 436, 438 ]
490 silly gunzTarPerm extractEntry doc/v8_internals.md
491 silly gunzTarPerm modified mode [ 'doc/v8_internals.md', 436, 438 ]
492 silly gunzTarPerm extractEntry test/multiple-queries.js
493 silly gunzTarPerm modified mode [ 'test/multiple-queries.js', 420, 438 ]
494 silly gunzTarPerm extractEntry test/non-blocking-controls.js
495 silly gunzTarPerm modified mode [ 'test/non-blocking-controls.js', 420, 438 ]
496 silly gunzTarPerm extractEntry test/notification.js
497 silly gunzTarPerm modified mode [ 'test/notification.js', 420, 438 ]
498 silly gunzTarPerm extractEntry test/error-conditions.js
499 silly gunzTarPerm modified mode [ 'test/error-conditions.js', 420, 438 ]
500 silly gunzTarPerm extractEntry doc/v8_misc.md
501 silly gunzTarPerm modified mode [ 'doc/v8_misc.md', 436, 438 ]
502 silly gunzTarPerm extractEntry nan.h
503 silly gunzTarPerm modified mode [ 'nan.h', 436, 438 ]
504 silly gunzTarPerm extractEntry test/result-accessors.js
505 silly gunzTarPerm modified mode [ 'test/result-accessors.js', 420, 438 ]
506 silly gunzTarPerm extractEntry test/copy-out.js
507 silly gunzTarPerm modified mode [ 'test/copy-out.js', 420, 438 ]
508 silly gunzTarPerm extractEntry test/server-version.js
509 silly gunzTarPerm modified mode [ 'test/server-version.js', 420, 438 ]
510 silly gunzTarPerm extractEntry nan_callbacks.h
511 silly gunzTarPerm modified mode [ 'nan_callbacks.h', 436, 438 ]
512 silly gunzTarPerm extractEntry nan_callbacks_12_inl.h
513 silly gunzTarPerm modified mode [ 'nan_callbacks_12_inl.h', 436, 438 ]
514 silly gunzTarPerm extractEntry test/copy-in.js
515 silly gunzTarPerm modified mode [ 'test/copy-in.js', 420, 438 ]
516 silly gunzTarPerm extractEntry nan_converters.h
517 silly gunzTarPerm modified mode [ 'nan_converters.h', 436, 438 ]
518 silly gunzTarPerm extractEntry nan_converters_43_inl.h
519 silly gunzTarPerm modified mode [ 'nan_converters_43_inl.h', 436, 438 ]
520 silly gunzTarPerm extractEntry nan_converters_pre_43_inl.h
521 silly gunzTarPerm modified mode [ 'nan_converters_pre_43_inl.h', 436, 438 ]
522 silly gunzTarPerm extractEntry test/socket.js
523 silly gunzTarPerm modified mode [ 'test/socket.js', 420, 438 ]
524 silly gunzTarPerm extractEntry test/construction.js
525 silly gunzTarPerm modified mode [ 'test/construction.js', 420, 438 ]
526 silly gunzTarPerm extractEntry nan_implementation_12_inl.h
527 silly gunzTarPerm modified mode [ 'nan_implementation_12_inl.h', 436, 438 ]
528 silly gunzTarPerm extractEntry test/sync-integration.js
529 silly gunzTarPerm modified mode [ 'test/sync-integration.js', 420, 438 ]
530 silly gunzTarPerm extractEntry test/cancel.js
531 silly gunzTarPerm modified mode [ 'test/cancel.js', 420, 438 ]
532 silly gunzTarPerm extractEntry nan_implementation_pre_12_inl.h
533 silly gunzTarPerm modified mode [ 'nan_implementation_pre_12_inl.h', 436, 438 ]
534 silly gunzTarPerm extractEntry nan_maybe_43_inl.h
535 silly gunzTarPerm modified mode [ 'nan_maybe_43_inl.h', 436, 438 ]
536 silly gunzTarPerm extractEntry nan_maybe_pre_43_inl.h
537 silly gunzTarPerm modified mode [ 'nan_maybe_pre_43_inl.h', 436, 438 ]
538 silly gunzTarPerm extractEntry nan_new.h
539 silly gunzTarPerm modified mode [ 'nan_new.h', 436, 438 ]
540 silly gunzTarPerm extractEntry test/sync-parameters.js
541 silly gunzTarPerm modified mode [ 'test/sync-parameters.js', 420, 438 ]
542 silly gunzTarPerm extractEntry test/load.js
543 silly gunzTarPerm modified mode [ 'test/load.js', 420, 438 ]
544 silly gunzTarPerm extractEntry nan_object_wrap.h
545 silly gunzTarPerm modified mode [ 'nan_object_wrap.h', 436, 438 ]
546 silly gunzTarPerm extractEntry nan_persistent_12_inl.h
547 silly gunzTarPerm modified mode [ 'nan_persistent_12_inl.h', 436, 438 ]
548 silly gentlyRm C:\Users\Mario\oose\oose\node_modules\.staging\pg-types-5aad71ac\node_modules is being purged
549 verbose gentlyRm don't care about contents; nuking C:\Users\Mario\oose\oose\node_modules\.staging\pg-types-5aad71ac\node_modules
550 silly gunzTarPerm extractEntry test/sync.js
551 silly gunzTarPerm modified mode [ 'test/sync.js', 420, 438 ]
552 silly gunzTarPerm extractEntry test/many-connections.js
553 silly gunzTarPerm modified mode [ 'test/many-connections.js', 420, 438 ]
554 silly gunzTarPerm extractEntry nan_persistent_pre_12_inl.h
555 silly gunzTarPerm modified mode [ 'nan_persistent_pre_12_inl.h', 436, 438 ]
556 silly gunzTarPerm extractEntry nan_string_bytes.h
557 silly gunzTarPerm modified mode [ 'nan_string_bytes.h', 436, 438 ]
558 silly gunzTarPerm extractEntry test/mocha.opts
559 silly gunzTarPerm modified mode [ 'test/mocha.opts', 420, 438 ]
560 silly gunzTarPerm extractEntry nan_typedarray_contents.h
561 silly gunzTarPerm modified mode [ 'nan_typedarray_contents.h', 436, 438 ]
562 silly gunzTarPerm extractEntry nan_weak.h
563 silly gunzTarPerm modified mode [ 'nan_weak.h', 436, 438 ]
564 silly gunzTarPerm extractEntry tools/package.json
565 silly gunzTarPerm modified mode [ 'tools/package.json', 436, 438 ]
566 silly gunzTarPerm extractEntry tools/README.md
567 silly gunzTarPerm modified mode [ 'tools/README.md', 436, 438 ]
568 silly gunzTarPerm extractEntry tools/1to2.js
569 silly gunzTarPerm modified mode [ 'tools/1to2.js', 509, 511 ]
570 silly gentlyRm C:\Users\Mario\oose\oose\node_modules\.staging\pg-native-d3041d74\node_modules is being purged
571 verbose gentlyRm don't care about contents; nuking C:\Users\Mario\oose\oose\node_modules\.staging\pg-native-d3041d74\node_modules
572 silly gentlyRm C:\Users\Mario\oose\oose\node_modules\.staging\libpq-7a175ec7\node_modules is being purged
573 verbose gentlyRm don't care about contents; nuking C:\Users\Mario\oose\oose\node_modules\.staging\libpq-7a175ec7\node_modules
574 silly gentlyRm C:\Users\Mario\oose\oose\node_modules\.staging\nan-ea4b0ef7\node_modules is being purged
575 verbose gentlyRm don't care about contents; nuking C:\Users\Mario\oose\oose\node_modules\.staging\nan-ea4b0ef7\node_modules
576 silly doParallel preinstall 5
577 silly preinstall bindings@1.2.1 C:\Users\Mario\oose\oose\node_modules\.staging\bindings-69513335
578 info lifecycle bindings@1.2.1~preinstall: bindings@1.2.1
579 silly preinstall nan@2.4.0 C:\Users\Mario\oose\oose\node_modules\.staging\nan-ea4b0ef7
580 info lifecycle nan@2.4.0~preinstall: nan@2.4.0
581 silly preinstall libpq@1.8.5 C:\Users\Mario\oose\oose\node_modules\.staging\libpq-7a175ec7
582 info lifecycle libpq@1.8.5~preinstall: libpq@1.8.5
583 silly preinstall pg-types@1.6.0 C:\Users\Mario\oose\oose\node_modules\.staging\pg-types-5aad71ac
584 info lifecycle pg-types@1.6.0~preinstall: pg-types@1.6.0
585 silly preinstall pg-native@1.10.0 C:\Users\Mario\oose\oose\node_modules\.staging\pg-native-d3041d74
586 info lifecycle pg-native@1.10.0~preinstall: pg-native@1.10.0
587 silly lifecycle bindings@1.2.1~preinstall: no script for preinstall, continuing
588 silly lifecycle nan@2.4.0~preinstall: no script for preinstall, continuing
589 silly lifecycle libpq@1.8.5~preinstall: no script for preinstall, continuing
590 silly lifecycle pg-types@1.6.0~preinstall: no script for preinstall, continuing
591 silly lifecycle pg-native@1.10.0~preinstall: no script for preinstall, continuing
592 silly doReverseSerial remove 0
593 silly doSerial move 0
594 silly doSerial finalize 5
595 silly finalize C:\Users\Mario\oose\oose\node_modules\bindings
596 silly finalize C:\Users\Mario\oose\oose\node_modules\nan
597 silly finalize C:\Users\Mario\oose\oose\node_modules\libpq
598 silly finalize C:\Users\Mario\oose\oose\node_modules\pg-native\node_modules\pg-types
599 silly finalize C:\Users\Mario\oose\oose\node_modules\pg-native
600 silly doSerial build 5
601 silly build bindings@1.2.1
602 info linkStuff bindings@1.2.1
603 silly linkStuff bindings@1.2.1 has C:\Users\Mario\oose\oose\node_modules as its parent node_modules
604 verbose linkBins bindings@1.2.1
605 verbose linkMans bindings@1.2.1
606 silly build nan@2.4.0
607 info linkStuff nan@2.4.0
608 silly linkStuff nan@2.4.0 has C:\Users\Mario\oose\oose\node_modules as its parent node_modules
609 verbose linkBins nan@2.4.0
610 verbose linkMans nan@2.4.0
611 silly build libpq@1.8.5
612 info linkStuff libpq@1.8.5
613 silly linkStuff libpq@1.8.5 has C:\Users\Mario\oose\oose\node_modules as its parent node_modules
614 verbose linkBins libpq@1.8.5
615 verbose linkMans libpq@1.8.5
616 silly build pg-types@1.6.0
617 info linkStuff pg-types@1.6.0
618 silly linkStuff pg-types@1.6.0 has C:\Users\Mario\oose\oose\node_modules\pg-native\node_modules as its parent node_modules
619 verbose linkBins pg-types@1.6.0
620 verbose linkMans pg-types@1.6.0
621 silly build pg-native@1.10.0
622 info linkStuff pg-native@1.10.0
623 silly linkStuff pg-native@1.10.0 has C:\Users\Mario\oose\oose\node_modules as its parent node_modules
624 verbose linkBins pg-native@1.10.0
625 verbose linkMans pg-native@1.10.0
626 silly doSerial global-link 0
627 silly doParallel update-linked 0
628 silly doSerial install 5
629 silly install bindings@1.2.1 C:\Users\Mario\oose\oose\node_modules\.staging\bindings-69513335
630 info lifecycle bindings@1.2.1~install: bindings@1.2.1
631 silly lifecycle bindings@1.2.1~install: no script for install, continuing
632 silly install nan@2.4.0 C:\Users\Mario\oose\oose\node_modules\.staging\nan-ea4b0ef7
633 info lifecycle nan@2.4.0~install: nan@2.4.0
634 silly lifecycle nan@2.4.0~install: no script for install, continuing
635 silly install libpq@1.8.5 C:\Users\Mario\oose\oose\node_modules\.staging\libpq-7a175ec7
636 info lifecycle libpq@1.8.5~install: libpq@1.8.5
637 verbose lifecycle libpq@1.8.5~install: unsafe-perm in lifecycle true
638 verbose lifecycle libpq@1.8.5~install: PATH: C:\Program Files\nodejs\node_modules\npm\bin\node-gyp-bin;C:\Users\Mario\oose\oose\node_modules\libpq\node_modules\.bin;C:\Users\Mario\oose\oose\node_modules\.bin;C:\ProgramData\Oracle\Java\javapath;C:\Windows\system32;C:\Windows;C:\Windows\System32\Wbem;C:\Windows\System32\WindowsPowerShell\v1.0\;C:\Program Files\Intel\WiFi\bin\;C:\Program Files\Common Files\Intel\WirelessCommon\;C:\Program Files (x86)\Skype\Phone\;C:\Program Files (x86)\GtkSharp\2.12\bin;C:\Program Files (x86)\Heroku\bin;C:\Program Files (x86)\git\cmd;C:\Program Files\Git\cmd;C:\Program Files\nodejs\;C:\Program Files\Microsoft SQL Server\110\Tools\Binn\;C:\Program Files (x86)\Microsoft SDKs\TypeScript\1.0\;C:\Program Files\Microsoft SQL Server\120\Tools\Binn\;C:\Program Files\Intel\WiFi\bin\;C:\Program Files\Common Files\Intel\WirelessCommon\;C:\Users\Mario\AppData\Roaming\npm
639 verbose lifecycle libpq@1.8.5~install: CWD: C:\Users\Mario\oose\oose\node_modules\libpq
640 silly lifecycle libpq@1.8.5~install: Args: [ '/d /s /c', 'node-gyp rebuild' ]
641 silly lifecycle libpq@1.8.5~install: Returned: code: 1  signal: null
642 info lifecycle libpq@1.8.5~install: Failed to exec install script
643 verbose unlock done using C:\Users\Mario\AppData\Roaming\npm-cache\_locks\staging-48ec4594af921f1f.lock for C:\Users\Mario\oose\oose\node_modules\.staging
644 silly rollbackFailedOptional Starting
645 silly rollbackFailedOptional Finishing
646 silly runTopLevelLifecycles Finishing
647 silly install printInstalled
648 verbose stack Error: libpq@1.8.5 install: `node-gyp rebuild`
648 verbose stack Exit status 1
648 verbose stack     at EventEmitter.<anonymous> (C:\Program Files\nodejs\node_modules\npm\lib\utils\lifecycle.js:255:16)
648 verbose stack     at emitTwo (events.js:106:13)
648 verbose stack     at EventEmitter.emit (events.js:191:7)
648 verbose stack     at ChildProcess.<anonymous> (C:\Program Files\nodejs\node_modules\npm\lib\utils\spawn.js:40:14)
648 verbose stack     at emitTwo (events.js:106:13)
648 verbose stack     at ChildProcess.emit (events.js:191:7)
648 verbose stack     at maybeClose (internal/child_process.js:877:16)
648 verbose stack     at Process.ChildProcess._handle.onexit (internal/child_process.js:226:5)
649 verbose pkgid libpq@1.8.5
650 verbose cwd C:\Users\Mario\oose\oose
651 error Windows_NT 6.1.7601
652 error argv "C:\\Program Files\\nodejs\\node.exe" "C:\\Program Files\\nodejs\\node_modules\\npm\\bin\\npm-cli.js" "install" "pg-native" "--save"
653 error node v6.9.1
654 error npm  v3.10.8
655 error code ELIFECYCLE
656 error libpq@1.8.5 install: `node-gyp rebuild`
656 error Exit status 1
657 error Failed at the libpq@1.8.5 install script 'node-gyp rebuild'.
657 error Make sure you have the latest version of node.js and npm installed.
657 error If you do, this is most likely a problem with the libpq package,
657 error not with npm itself.
657 error Tell the author that this fails on your system:
657 error     node-gyp rebuild
657 error You can get information on how to open an issue for this project with:
657 error     npm bugs libpq
657 error Or if that isn't available, you can get their info via:
657 error     npm owner ls libpq
657 error There is likely additional logging output above.
658 verbose exit [ 1, true ]
